<?xml version="1.0" encoding="UTF-8"?>
<testng-results ignored="0" total="1" passed="1" failed="0" skipped="0">
  <reporter-output>
  </reporter-output>
  <suite started-at="2023-08-03T14:20:47 CDT" name="Default suite" finished-at="2023-08-03T14:21:02 CDT" duration-ms="14758">
    <groups>
    </groups>
    <test started-at="2023-08-03T14:20:47 CDT" name="Default test" finished-at="2023-08-03T14:21:02 CDT" duration-ms="14758">
      <class name="test.AddCustomerTest">
        <test-method signature="validUserShouldBeAbleToAddCustomer()[pri:0, instance:test.AddCustomerTest@40f1be1b]" started-at="2023-08-03T14:20:47 CDT" name="validUserShouldBeAbleToAddCustomer" finished-at="2023-08-03T14:21:02 CDT" duration-ms="14671" status="PASS">
          <reporter-output>
          </reporter-output>
        </test-method> <!-- validUserShouldBeAbleToAddCustomer -->
      </class> <!-- test.AddCustomerTest -->
    </test> <!-- Default test -->
  </suite> <!-- Default suite -->
</testng-results>
